build/app/intermediates/manifest_merge_blame_file/release/manifest-merger-blame-release-report.txt
1<?xml version="1.0" encoding="utf-8"?>
2<manifest xmlns:android="http://schemas.android.com/apk/res/android"
3    package="dev.tsk.sudoku_spectrum"
4    android:versionCode="4"
5    android:versionName="1.0.0" >
6
7    <uses-sdk
8        android:minSdkVersion="19"
8-->src\main\AndroidManifest.xml
9        android:targetSdkVersion="33" />
9-->src\main\AndroidManifest.xml
10
11    <uses-permission android:name="android.permission.WRITE_EXTERNAL_STORAGE" />
11-->src\main\AndroidManifest.xml:3:5-81
11-->src\main\AndroidManifest.xml:3:22-78
12    <uses-permission android:name="android.permission.INTERNET" />
12-->src\main\AndroidManifest.xml:4:5-66
12-->src\main\AndroidManifest.xml:4:22-64
13    <uses-permission android:name="android.permission.READ_PHONE_STATE" />
13-->src\main\AndroidManifest.xml:5:5-75
13-->src\main\AndroidManifest.xml:5:22-72
14    <uses-permission android:name="android.permission.ACCESS_NETWORK_STATE" />
14-->src\main\AndroidManifest.xml:6:5-79
14-->src\main\AndroidManifest.xml:6:22-76
15    <uses-permission android:name="android.permission.ACCESS_WIFI_STATE" />
15-->src\main\AndroidManifest.xml:7:5-76
15-->src\main\AndroidManifest.xml:7:22-73
16
17    <queries>
17-->src\main\AndroidManifest.xml:40:5-45:15
18        <intent>
18-->src\main\AndroidManifest.xml:41:9-44:18
19            <action android:name="android.intent.action.VIEW" />
19-->src\main\AndroidManifest.xml:42:13-65
19-->src\main\AndroidManifest.xml:42:21-62
20
21            <data android:scheme="https" />
21-->src\main\AndroidManifest.xml:43:13-44
21-->src\main\AndroidManifest.xml:43:19-41
22        </intent>
23        <intent>
23-->[androidx.media2:media2-session:1.2.1] AndroidManifest.xml:25:9-27:18
24            <action android:name="android.media.browse.MediaBrowserService" />
24-->[androidx.media2:media2-session:1.2.1] AndroidManifest.xml:26:13-79
24-->[androidx.media2:media2-session:1.2.1] AndroidManifest.xml:26:21-76
25        </intent>
26        <intent>
26-->[androidx.media2:media2-session:1.2.1] AndroidManifest.xml:28:9-30:18
27            <action android:name="androidx.media2.session.MediaSessionService" />
27-->[androidx.media2:media2-session:1.2.1] AndroidManifest.xml:29:13-82
27-->[androidx.media2:media2-session:1.2.1] AndroidManifest.xml:29:21-79
28        </intent>
29        <intent>
29-->[androidx.media2:media2-session:1.2.1] AndroidManifest.xml:31:9-33:18
30            <action android:name="androidx.media2.session.MediaLibraryService" />
30-->[androidx.media2:media2-session:1.2.1] AndroidManifest.xml:32:13-82
30-->[androidx.media2:media2-session:1.2.1] AndroidManifest.xml:32:21-79
31        </intent>
32    </queries>
33
34    <permission
34-->[androidx.core:core:1.10.1] AndroidManifest.xml:22:5-24:47
35        android:name="dev.tsk.sudoku_spectrum.DYNAMIC_RECEIVER_NOT_EXPORTED_PERMISSION"
35-->[androidx.core:core:1.10.1] AndroidManifest.xml:23:9-81
36        android:protectionLevel="signature" />
36-->[androidx.core:core:1.10.1] AndroidManifest.xml:24:9-44
37
38    <uses-permission android:name="dev.tsk.sudoku_spectrum.DYNAMIC_RECEIVER_NOT_EXPORTED_PERMISSION" />
38-->[androidx.core:core:1.10.1] AndroidManifest.xml:26:5-97
38-->[androidx.core:core:1.10.1] AndroidManifest.xml:26:22-94
39
40    <application
41        android:name="android.app.Application"
41-->src\main\AndroidManifest.xml:9:9-42
42        android:appComponentFactory="androidx.core.app.CoreComponentFactory"
42-->[androidx.core:core:1.10.1] AndroidManifest.xml:28:18-86
43        android:icon="@mipmap/ic_launcher"
43-->src\main\AndroidManifest.xml:11:9-43
44        android:label="@string/app_name" >
44-->src\main\AndroidManifest.xml:10:9-41
45        <activity
45-->src\main\AndroidManifest.xml:12:9-32:20
46            android:name="dev.tsk.sudoku_spectrum.MainActivity"
46-->src\main\AndroidManifest.xml:13:13-41
47            android:configChanges="orientation|keyboardHidden|keyboard|screenSize|smallestScreenSize|locale|layoutDirection|fontScale|screenLayout|density|uiMode"
47-->src\main\AndroidManifest.xml:16:13-163
48            android:exported="true"
48-->src\main\AndroidManifest.xml:19:13-36
49            android:hardwareAccelerated="true"
49-->src\main\AndroidManifest.xml:17:13-47
50            android:launchMode="singleTop"
50-->src\main\AndroidManifest.xml:14:13-43
51            android:theme="@style/LaunchTheme"
51-->src\main\AndroidManifest.xml:15:13-47
52            android:windowSoftInputMode="adjustResize" >
52-->src\main\AndroidManifest.xml:18:13-55
53
54            <!--
55                 Specifies an Android theme to apply to this Activity as soon as
56                 the Android process has started. This theme is visible to the user
57                 while the Flutter UI initializes. After that, this theme continues
58                 to determine the Window background behind the Flutter UI.
59            -->
60            <meta-data
60-->src\main\AndroidManifest.xml:24:13-27:17
61                android:name="io.flutter.embedding.android.NormalTheme"
61-->src\main\AndroidManifest.xml:25:15-70
62                android:resource="@style/NormalTheme" />
62-->src\main\AndroidManifest.xml:26:15-52
63
64            <intent-filter>
64-->src\main\AndroidManifest.xml:28:13-31:29
65                <action android:name="android.intent.action.MAIN" />
65-->src\main\AndroidManifest.xml:29:17-68
65-->src\main\AndroidManifest.xml:29:25-66
66
67                <category android:name="android.intent.category.LAUNCHER" />
67-->src\main\AndroidManifest.xml:30:17-76
67-->src\main\AndroidManifest.xml:30:27-74
68            </intent-filter>
69        </activity>
70        <!--
71             Don't delete the meta-data below.
72             This is used by the Flutter tool to generate GeneratedPluginRegistrant.java
73        -->
74        <meta-data
74-->src\main\AndroidManifest.xml:35:9-37:33
75            android:name="flutterEmbedding"
75-->src\main\AndroidManifest.xml:36:13-44
76            android:value="2" />
76-->src\main\AndroidManifest.xml:37:13-30
77
78        <activity
78-->[:url_launcher_android] AndroidManifest.xml:10:9-13:74
79            android:name="io.flutter.plugins.urllauncher.WebViewActivity"
79-->[:url_launcher_android] AndroidManifest.xml:11:13-74
80            android:exported="false"
80-->[:url_launcher_android] AndroidManifest.xml:12:13-37
81            android:theme="@android:style/Theme.NoTitleBar.Fullscreen" />
81-->[:url_launcher_android] AndroidManifest.xml:13:13-71
82
83        <uses-library
83-->[androidx.window:window:1.0.0-beta04] AndroidManifest.xml:25:9-27:40
84            android:name="androidx.window.extensions"
84-->[androidx.window:window:1.0.0-beta04] AndroidManifest.xml:26:13-54
85            android:required="false" />
85-->[androidx.window:window:1.0.0-beta04] AndroidManifest.xml:27:13-37
86        <uses-library
86-->[androidx.window:window:1.0.0-beta04] AndroidManifest.xml:28:9-30:40
87            android:name="androidx.window.sidecar"
87-->[androidx.window:window:1.0.0-beta04] AndroidManifest.xml:29:13-51
88            android:required="false" />
88-->[androidx.window:window:1.0.0-beta04] AndroidManifest.xml:30:13-37
89    </application>
90
91</manifest>